<?xml version="1.0" encoding="UTF-8"?>
<testng-results ignored="0" total="2" passed="2" failed="0" skipped="0">
  <reporter-output>
  </reporter-output>
  <suite started-at="2022-06-17T11:49:03 IST" name="Suite" finished-at="2022-06-17T11:49:03 IST" duration-ms="126">
    <groups>
    </groups>
    <test started-at="2022-06-17T11:49:03 IST" name="Test" finished-at="2022-06-17T11:49:03 IST" duration-ms="126">
      <class name="javaPackage.TestNG1">
        <test-method is-config="true" signature="e()[pri:0, instance:javaPackage.TestNG1@1ffaf86]" started-at="2022-06-17T11:49:03 IST" name="e" finished-at="2022-06-17T11:49:03 IST" duration-ms="21" status="PASS">
          <reporter-output>
          </reporter-output>
        </test-method> <!-- e -->
        <test-method is-config="true" signature="g()[pri:0, instance:javaPackage.TestNG1@1ffaf86]" started-at="2022-06-17T11:49:03 IST" name="g" finished-at="2022-06-17T11:49:03 IST" duration-ms="1" status="PASS">
          <reporter-output>
          </reporter-output>
        </test-method> <!-- g -->
        <test-method is-config="true" signature="i()[pri:0, instance:javaPackage.TestNG1@1ffaf86]" started-at="2022-06-17T11:49:03 IST" name="i" finished-at="2022-06-17T11:49:03 IST" duration-ms="1" status="PASS">
          <reporter-output>
          </reporter-output>
        </test-method> <!-- i -->
        <test-method is-config="true" signature="d()[pri:0, instance:javaPackage.TestNG1@1ffaf86]" started-at="2022-06-17T11:49:03 IST" name="d" finished-at="2022-06-17T11:49:03 IST" duration-ms="1" status="PASS">
          <reporter-output>
          </reporter-output>
        </test-method> <!-- d -->
        <test-method signature="a1()[pri:0, instance:javaPackage.TestNG1@1ffaf86]" started-at="2022-06-17T11:49:03 IST" name="a1" finished-at="2022-06-17T11:49:03 IST" duration-ms="15" status="PASS">
          <reporter-output>
          </reporter-output>
        </test-method> <!-- a1 -->
        <test-method is-config="true" signature="f()[pri:0, instance:javaPackage.TestNG1@1ffaf86]" started-at="2022-06-17T11:49:03 IST" name="f" finished-at="2022-06-17T11:49:03 IST" duration-ms="2" status="PASS">
          <reporter-output>
          </reporter-output>
        </test-method> <!-- f -->
        <test-method is-config="true" signature="d()[pri:0, instance:javaPackage.TestNG1@1ffaf86]" started-at="2022-06-17T11:49:03 IST" name="d" finished-at="2022-06-17T11:49:03 IST" duration-ms="2" status="PASS">
          <reporter-output>
          </reporter-output>
        </test-method> <!-- d -->
        <test-method signature="a2()[pri:0, instance:javaPackage.TestNG1@1ffaf86]" started-at="2022-06-17T11:49:03 IST" name="a2" finished-at="2022-06-17T11:49:03 IST" duration-ms="3" status="PASS">
          <reporter-output>
          </reporter-output>
        </test-method> <!-- a2 -->
        <test-method is-config="true" signature="f()[pri:0, instance:javaPackage.TestNG1@1ffaf86]" started-at="2022-06-17T11:49:03 IST" name="f" finished-at="2022-06-17T11:49:03 IST" duration-ms="1" status="PASS">
          <reporter-output>
          </reporter-output>
        </test-method> <!-- f -->
        <test-method is-config="true" signature="c()[pri:0, instance:javaPackage.TestNG1@1ffaf86]" started-at="2022-06-17T11:49:03 IST" name="c" finished-at="2022-06-17T11:49:03 IST" duration-ms="0" status="PASS">
          <reporter-output>
          </reporter-output>
        </test-method> <!-- c -->
        <test-method is-config="true" signature="b()[pri:0, instance:javaPackage.TestNG1@1ffaf86]" started-at="2022-06-17T11:49:03 IST" name="b" finished-at="2022-06-17T11:49:03 IST" duration-ms="1" status="PASS">
          <reporter-output>
          </reporter-output>
        </test-method> <!-- b -->
        <test-method is-config="true" signature="h()[pri:0, instance:javaPackage.TestNG1@1ffaf86]" started-at="2022-06-17T11:49:04 IST" name="h" finished-at="2022-06-17T11:49:04 IST" duration-ms="1" status="PASS">
          <reporter-output>
          </reporter-output>
        </test-method> <!-- h -->
      </class> <!-- javaPackage.TestNG1 -->
    </test> <!-- Test -->
  </suite> <!-- Suite -->
</testng-results>
